Arguments: 
  /usr/local/bin/node /usr/local/Cellar/yarn/1.5.1_1/libexec/bin/yarn.js start

PATH: 
  /Users/soroushchehresa/tizen-studio/tools/ide/bin:/usr/local/bin:/usr/bin:/bin:/usr/sbin:/sbin:/usr/local/go/bin:/Library/Apple/usr/bin:/Library/Frameworks/Mono.framework/Versions/Current/Commands:/Applications/Wireshark.app/Contents/MacOS:/Users/soroushchehresa/Desktop/react-axios/node_modules/.bin:/usr/local/mysql/bin:/Users/soroushchehresa/ares-cli/bin:/Users/soroushchehresa/android-sdk/tools:/Users/soroushchehresa/android-sdk/tools/bin/:/Users/soroushchehresa/android-sdk/platform-tools:/Users/soroushchehresa/Desktop/react-axios/flutter/bin

Yarn version: 
  1.5.1

Node version: 
  10.16.3

Platform: 
  darwin x64

npm manifest: 
  {
    "name": "axios-react",
    "version": "2.0.0",
    "description": "HTTP client component for React",
    "author": "soroushchehresa",
    "license": "MIT",
    "repository": {
      "type": "git",
      "url": "git+https://github.com/soroushchehresa/axios-react.git"
    },
    "main": "dist/index.js",
    "module": "dist/index.es.js",
    "jsnext:main": "dist/index.es.js",
    "engines": {
      "node": ">=8",
      "npm": ">=5"
    },
    "scripts": {
      "test": "cross-env CI=1 react-scripts-ts test --env=jsdom",
      "test:watch": "react-scripts-ts test --env=jsdom",
      "build": "rollup -c",
      "start": "rollup -c -w",
      "prepare": "npm run build",
      "predeploy": "cd example && npm install && npm run build",
      "deploy": "gh-pages -d example/build"
    },
    "dependencies": {
      "@types/axios": "^0.14.0",
      "@types/is-online": "^8.1.0",
      "@types/window-or-global": "^1.0.2",
      "axios": "^0.19.2",
      "is-online": "^8.4.0",
      "window-or-global": "^1.0.1"
    },
    "peerDependencies": {
      "prop-types": "^15.5.4",
      "react": "^15.0.0 || ^16.0.0",
      "react-dom": "^15.0.0 || ^16.0.0",
      "axios": "^0.19.2",
      "is-online": "^8.4.0",
      "window-or-global": "^1.0.1"
    },
    "devDependencies": {
      "@svgr/rollup": "^2.4.1",
      "@types/jest": "^23.1.5",
      "@types/react": "^16.3.13",
      "@types/react-dom": "^16.0.5",
      "babel-core": "^6.26.3",
      "babel-runtime": "^6.26.0",
      "cross-env": "^5.1.4",
      "gh-pages": "^1.2.0",
      "react": "^16.4.1",
      "react-dom": "^16.4.1",
      "react-scripts-ts": "^2.16.0",
      "rollup": "^0.62.0",
      "rollup-plugin-babel": "^3.0.7",
      "rollup-plugin-commonjs": "^9.1.3",
      "rollup-plugin-node-resolve": "^3.3.0",
      "rollup-plugin-peer-deps-external": "^2.2.0",
      "rollup-plugin-postcss": "^1.6.2",
      "rollup-plugin-typescript2": "^0.17.0",
      "rollup-plugin-url": "^1.4.0",
      "typescript": "^2.8.3"
    },
    "files": [
      "dist"
    ],
    "publishConfig": {
      "registry": "https://npm.pkg.github.com/@soroushchehresa"
    }
  }

yarn manifest: 
  No manifest

Lockfile: 
  No lockfile

Trace: 
  Error: Command failed.
  Exit code: 1
  Command: sh
  Arguments: -c rollup -c -w
  Directory: /Users/soroushchehresa/Desktop/react-axios
  Output:
  
      at ProcessTermError.MessageError (/usr/local/Cellar/yarn/1.5.1_1/libexec/lib/cli.js:186:110)
      at new ProcessTermError (/usr/local/Cellar/yarn/1.5.1_1/libexec/lib/cli.js:226:113)
      at ChildProcess.<anonymous> (/usr/local/Cellar/yarn/1.5.1_1/libexec/lib/cli.js:30281:17)
      at ChildProcess.emit (events.js:198:13)
      at maybeClose (internal/child_process.js:982:16)
      at Process.ChildProcess._handle.onexit (internal/child_process.js:259:5)
